[self]
IAM=L2eKo.exe|1415063503|1029454
[misc]
Server=127.0.0.1
ModifyHost=0
[files]
fcount=171
F1=animations\skill.usk|2208625614|23263|n
F2=l2text\server_help.htm|1077534866|426|n
F3=maps\Lobby.unr|4058015523|1024441|n
F4=staticmeshes\l2_lobby.usx|3284713607|1974|n
F5=system\actionname-e.dat|10188588|6967|n
F6=system\ALAudio.dll|1515909778|123615|n
F7=system\ALAudio.int|346832270|948|n
F8=system\armorgrp.dat|1396925680|104269|n
F9=system\asiahm-medium.ttf|3159357339|258648|n
F10=system\bighead.int|1248169659|262|n
F11=system\castlename-e.dat|4134542016|1207|n
F12=system\chargrp.dat|3354324215|2605|n
F13=system\chatfilter.ini|1881929049|247|n
F14=system\classinfo-e.dat|1340147583|2357|n
F15=system\Client.ini|2222968613|204|n
F16=system\CliExt.dll|518138595|862353|n
F17=system\cloak.int|3105663791|319|n
F18=system\commandname-e.dat|2459669132|1465|n
F19=system\Core.dll|3878019028|436537|n
F20=system\core.int|922090403|1663|n
F21=system\Core.u|650825470|20998|n
F22=system\creditfont.gly|3388573254|8339|n
F23=system\creditgrp-e.dat|3291412935|949|n
F24=system\D3DDrv.dll|3345430322|559663|n
F25=system\defopenal32.dll|838599976|43409|n
F26=system\dsetup.dll|3322898524|4687|n
F27=system\Editor.u|4246755637|161542|n
F28=system\encvag.dll|585854182|69458|n
F29=system\engine.dll|2534556762|3539779|n
F30=system\Engine.int|2835073687|2677|n
F31=system\Engine.u|3849765416|762021|n
F32=system\entereventgrp.dat|4152560657|4153|n
F33=system\env.int|525271215|1814|n
F34=system\etcitemgrp.dat|1386793927|81479|n
F35=system\eula-e.dat|2880993528|12587|n
F36=system\Fire.dll|3742745481|109071|n
F37=system\Fire.u|3764176636|4601|n
F38=system\GamePlay.u|4012993842|63525|n
F39=system\gametip-e.dat|20394344|13105|n
F40=system\hair.int|845510389|2187|n
F41=system\hairaccessarygrp.dat|3715388094|575|n
F42=system\hairaccessorylocgrp.dat|3798837694|4293|n
F43=system\hairgrp.dat|2550331368|425|n
F44=system\helmetgrp.dat|2972180576|561|n
F45=system\hennagrp-e.dat|1157993287|2099|n
F46=system\huntingzone-e.dat|2078855700|5817|n
F47=system\ifc23.dll|3996326490|93552|n
F48=system\interface.u|395109378|453377|n
F49=system\interface.xdat|282028282|52593|n
F50=system\IpDrv.dll|1324833471|154526|n
F51=system\ipdrv.int|746606829|738|n
F52=system\IpDrv.u|1087196104|23273|n
F53=system\itemname-e.dat|1897269356|240889|n
F54=system\l2.exe|4019829803|181743|n
F55=system\l2.ini|2375507090|3491|n
F56=system\l2.int|3403574337|218|n
F57=system\L2CompiledShader.bin|558161692|144|n
F58=system\l2forecf.ffe|903581732|823|n
F59=system\l2ui.dll|1223442908|763|n
F60=system\largefont-e.gly|2921806843|477|n
F61=system\largefont-r.gly|2693834575|1057|n
F62=system\largefont.gly|4128575742|9546|n
F63=system\Lineage2us.ini|3143221677|688|n
F64=system\LineageCreature.dll|1861761128|53380|n
F65=system\LineageCreature.u|3663715608|4335|n
F66=system\LineageDeco.u|2812918658|2338|n
F67=system\lineageeffect.u|401428468|295948|n
F68=system\LineageMonster.int|3111730706|11059|n
F69=system\LineageMonster.u|146925414|38713|n
F70=system\lineagemonster2.int|1692676035|3165|n
F71=system\LineageMonster2.u|3778245849|14112|n
F72=system\LineageMonster3.int|886951415|2715|n
F73=system\LineageMonster3.u|140874086|16894|n
F74=system\LineageNpc.int|684076603|4098|n
F75=system\lineagenpc.u|2219029861|21281|n
F76=system\lineagenpc2.int|2970952256|651|n
F77=system\lineagenpc2.u|3438763569|4216|n
F78=system\lineagenpcev.u|1228788265|3686|n
F79=system\LineageVehicle.u|452427208|3356|n
F80=system\lineagewarrior.int|2436343239|16585|n
F81=system\LineageWarrior.u|1869207746|8808|n
F82=system\logongrp.dat|3696061373|559|n
F83=system\mobskillanimgrp.dat|2599829638|67793|n
F84=system\msxml4.dll|2051320544|621498|n
F85=system\msxml4a.dll|474088287|12573|n
F86=system\msxml4r.dll|91242215|13409|n
F87=system\musicinfo.dat|2151576254|3505|n
F88=system\npcgrp.dat|3142759690|234481|n
F89=system\npcname-e.dat|625254837|51648|n
F90=system\npkcrypt.dll|3684922485|142083|n
F91=system\npkcrypt.sys|3641677030|12934|n
F92=system\npkcrypt.vxd|815372938|10989|n
F93=system\npkcusb.sys|3513906342|8212|n
F94=system\npkpdb.dll|3143883412|16977|n
F95=system\nwindow.dll|574980547|1141330|n
F96=system\nwindow.u|2418308341|74309|n
F97=system\obscene-e.dat|3990367051|295|n
F98=system\ogg.dll|3661932618|26633|n
F99=system\openal32.dll|1567137641|52075|n
F100=system\Option.ini|3114368239|706|n
F101=system\optiondata_client-e.dat|4234935526|96350|n
F102=system\questname-e.dat|1574723803|188652|n
F103=system\raiddata-e.dat|2547192268|29880|n
F104=system\recipe-c.dat|330160006|23988|n
F105=system\servername-e.dat|4095393241|1207|n
F106=system\skillgrp.dat|3048480961|160092|n
F107=system\skillname-e.dat|3864464608|294794|n
F108=system\skillsoundgrp.dat|1179028340|28350|n
F109=system\smallfont-e.gly|2006588750|966|n
F110=system\smallfont-r.gly|2006588750|966|n
F111=system\smallfont.gly|3052886624|8515|n
F112=system\soulshot.int|682878827|483|n
F113=system\staticobject-e.dat|1019252255|2619|n
F114=system\symbolname-e.dat|2138545033|434|n
F115=system\sysstring-e.dat|4185722049|15157|n
F116=system\systemmsg-e.dat|3549420361|53060|n
F117=system\s_info.ini|404572920|149|n
F118=system\timeenv0.int|3505078655|2037|n
F119=system\timeenv1.int|775309331|2018|n
F120=system\timeenv2.int|4245690507|1928|n
F121=system\timeenv3.int|1796665660|1844|n
F122=system\ttfontinfo.ini|4262696533|507|n
F123=system\udebugmenu.u|283477505|47775|n
F124=system\user.ini|2724228877|4519|n
F125=system\UWindow.u|2135168944|174543|n
F126=system\variationeffectgrp-e.dat|3878169255|1607|n
F127=system\vorbis.dll|2447108040|131984|n
F128=system\vorbisfile.dll|1325627412|50303|n
F129=system\weapongrp.dat|2001580964|78277|n
F130=system\wform.bm|4273309150|283682|n
F131=system\Window.dll|2345862322|220198|n
F132=system\window.int|2512800258|1241|n
F133=system\WindowsInfo.ini|1548190100|791|n
F134=system\WinDrv.dll|872039988|198494|n
F135=system\windrv.int|142228167|515|n
F136=system\wrap_oal.dll|256447280|186081|n
F137=system\zonename-e.dat|2132244993|6195|n
F138=systextures\Custom.utx|2544686358|12459|n
F139=systextures\eurosil.utx|3255740509|7092|n
F140=systextures\Icon.utx|284705854|1620852|n
F141=systextures\itemskill.utx|3289631395|16170|n
F142=systextures\L2Font-r.utx|39068911|5539|n
F143=systextures\L2Patch.utx|820826895|125359|n
F144=systextures\L2PatchMalaria.utx|3609840409|7619|n
F145=systextures\l2_skilltime.utx|1696357587|39720|n
F146=systextures\sp_256_01.bmp|3365490894|69635|n
F147=systextures\sp_256_02.bmp|2677800336|67635|n
F148=systextures\sp_256_03.bmp|2612973734|72843|n
F149=systextures\sp_256_04.bmp|3607601027|60222|n
F150=systextures\sp_256_05.bmp|868142393|59312|n
F151=systextures\sp_256_06.bmp|3550211990|68145|n
F152=systextures\sp_256_07.bmp|2870025009|63013|n
F153=systextures\sp_256_08.bmp|3607337064|68005|n
F154=systextures\sp_256_09.bmp|1377455496|69229|n
F155=systextures\sp_256_10.bmp|296773277|64731|n
F156=systextures\sp_256_11.bmp|3909928299|55352|n
F157=systextures\sp_32b_01.bmp|963681217|303737|n
F158=systextures\sp_32b_02.bmp|1816804235|292249|n
F159=systextures\sp_32b_03.bmp|1259909177|310467|n
F160=systextures\sp_32b_04.bmp|2930368593|257882|n
F161=systextures\sp_32b_05.bmp|2774425453|256533|n
F162=systextures\sp_32b_06.bmp|182374083|313777|n
F163=systextures\sp_32b_07.bmp|4269146173|284131|n
F164=systextures\sp_32b_08.bmp|2144597473|300268|n
F165=systextures\sp_32b_09.bmp|2067917328|298324|n
F166=systextures\sp_32b_10.bmp|1710222952|298529|n
F167=systextures\sp_32b_11.bmp|1833149051|255627|n
F168=systextures\symbol.utx|121709965|40730|n
F169=textures\L2_Lobby_T.utx|1163442715|427479|n
F170=textures\Lobby_terrain_t.utx|2526497506|175984|n
F171=updater.ini|2222795461|221|n
